<?xml version="1.0" encoding="UTF-8"?>
<!-- Generated by org.testng.reporters.JUnitReportReporter -->
<testsuite hostname="LP-5CD7465GP0" name="com.cucumber.TestRunner.RegistrationRunner" tests="3" failures="0" timestamp="23 Sep 2019 16:15:50 GMT" time="31.698" errors="0">
  <testcase name="feature" time="10.437" classname="com.cucumber.TestRunner.RegistrationRunner"/>
  <testcase name="feature" time="21.245" classname="com.cucumber.TestRunner.RegistrationRunner"/>
  <testcase name="feature" time="0.016" classname="com.cucumber.TestRunner.RegistrationRunner"/>
</testsuite> <!-- com.cucumber.TestRunner.RegistrationRunner -->
