<?xml version="1.0" encoding="UTF-8"?>
<!-- Generated by org.testng.reporters.JUnitReportReporter -->
<testsuite hostname="LP-5CD7465GP0" name="com.cucumber.TestRunner.Login" tests="1" failures="0" timestamp="1 May 2019 05:01:19 GMT" time="47.435" errors="0">
  <testcase name="feature" time="47.435" classname="com.cucumber.TestRunner.Login"/>
</testsuite> <!-- com.cucumber.TestRunner.Login -->
