<?xml version="1.0" encoding="UTF-8"?>
<!-- Generated by org.testng.reporters.JUnitReportReporter -->
<testsuite hostname="LP-5CD7465GP0" name="com.cucumber.TestRunner.RegistrationRunnerTest" tests="1" failures="0" timestamp="23 Apr 2019 09:33:43 GMT" time="26.283" errors="0">
  <testcase name="feature" time="26.283" classname="com.cucumber.TestRunner.RegistrationRunnerTest"/>
</testsuite> <!-- com.cucumber.TestRunner.RegistrationRunnerTest -->
