<?xml version="1.0" encoding="UTF-8"?>
<!-- Generated by org.testng.reporters.JUnitReportReporter -->
<testsuite hostname="LP-5CD7465GP0" name="com.cucumber.TestRunner.RegistrationRunner" tests="3" failures="0" timestamp="6 Nov 2019 08:12:56 GMT" time="107.920" errors="0">
  <testcase name="feature" time="51.553" classname="com.cucumber.TestRunner.RegistrationRunner"/>
  <testcase name="feature" time="22.102" classname="com.cucumber.TestRunner.RegistrationRunner"/>
  <testcase name="feature" time="34.265" classname="com.cucumber.TestRunner.RegistrationRunner"/>
</testsuite> <!-- com.cucumber.TestRunner.RegistrationRunner -->
