<?xml version="1.0" encoding="UTF-8"?>
<!-- Generated by org.testng.reporters.JUnitReportReporter -->
<testsuite hostname="LP-5CD7465GP0" name="com.cucumber.TestRunner.LoginRunner" tests="1" failures="0" timestamp="14 May 2019 04:14:13 GMT" time="90.704" errors="0">
  <testcase name="feature" time="90.704" classname="com.cucumber.TestRunner.LoginRunner"/>
</testsuite> <!-- com.cucumber.TestRunner.LoginRunner -->
