<?xml version="1.0" encoding="UTF-8"?>
<!-- Generated by org.testng.reporters.JUnitReportReporter -->
<testsuite hostname="LP-5CD7465GP0" name="com.cucumber.TestRunner.LoginRunner" tests="1" failures="0" timestamp="22 May 2019 06:44:23 GMT" time="62.015" errors="0">
  <testcase name="feature" time="62.015" classname="com.cucumber.TestRunner.LoginRunner"/>
</testsuite> <!-- com.cucumber.TestRunner.LoginRunner -->
