<?xml version="1.0" encoding="UTF-8"?>
<!-- Generated by org.testng.reporters.JUnitReportReporter -->
<testsuite hostname="LP-5CD7465GP0" name="com.cucumber.TestRunner.LoginRunner" tests="1" failures="0" timestamp="6 Sep 2019 11:32:07 GMT" time="68.077" errors="0">
  <testcase name="feature" time="68.077" classname="com.cucumber.TestRunner.LoginRunner"/>
</testsuite> <!-- com.cucumber.TestRunner.LoginRunner -->
