<?xml version="1.0" encoding="UTF-8"?>
<!-- Generated by org.testng.reporters.JUnitReportReporter -->
<testsuite hostname="LP-5CD7465GP0" name="com.cucumber.TestRunner.LoginRunner" tests="1" failures="0" timestamp="22 May 2019 16:51:17 GMT" time="67.796" errors="0">
  <testcase name="feature" time="67.796" classname="com.cucumber.TestRunner.LoginRunner"/>
</testsuite> <!-- com.cucumber.TestRunner.LoginRunner -->
