<?xml version="1.0" encoding="UTF-8"?>
<!-- Generated by org.testng.reporters.JUnitReportReporter -->
<testsuite hostname="LP-5CD7465GP0" name="com.cucumber.TestRunner.RegistrationRunner" tests="3" failures="0" timestamp="24 Sep 2019 07:58:04 GMT" time="105.370" errors="0">
  <testcase name="feature" time="21.106" classname="com.cucumber.TestRunner.RegistrationRunner"/>
  <testcase name="feature" time="50.143" classname="com.cucumber.TestRunner.RegistrationRunner"/>
  <testcase name="feature" time="34.121" classname="com.cucumber.TestRunner.RegistrationRunner"/>
</testsuite> <!-- com.cucumber.TestRunner.RegistrationRunner -->
