<?xml version="1.0" encoding="UTF-8"?>
<!-- Generated by org.testng.reporters.JUnitReportReporter -->
<testsuite hostname="LP-5CD7465GP0" name="com.cucumber.TestRunner.RegistrationRunner" tests="1" failures="0" timestamp="28 Apr 2019 17:24:24 GMT" time="113.563" errors="0">
  <testcase name="feature" time="113.563" classname="com.cucumber.TestRunner.RegistrationRunner"/>
</testsuite> <!-- com.cucumber.TestRunner.RegistrationRunner -->
