<?xml version="1.0" encoding="UTF-8"?>
<!-- Generated by org.testng.reporters.JUnitReportReporter -->
<testsuite hostname="LP-5CD7465GP0" name="com.cucumber.TestRunner.BookTicketRunner" tests="1" failures="0" timestamp="1 May 2019 09:10:36 GMT" time="31.056" errors="0">
  <testcase name="feature" time="31.056" classname="com.cucumber.TestRunner.BookTicketRunner"/>
</testsuite> <!-- com.cucumber.TestRunner.BookTicketRunner -->
