<?xml version="1.0" encoding="UTF-8"?>
<!-- Generated by org.testng.reporters.JUnitReportReporter -->
<testsuite hostname="LP-5CD7465GP0" name="com.cucumber.TestRunner.BookTicketRunner" tests="1" failures="0" timestamp="6 May 2019 16:05:23 GMT" time="55.783" errors="0">
  <testcase name="feature" time="55.783" classname="com.cucumber.TestRunner.BookTicketRunner"/>
</testsuite> <!-- com.cucumber.TestRunner.BookTicketRunner -->
