<?xml version="1.0" encoding="UTF-8"?>
<!-- Generated by org.testng.reporters.JUnitReportReporter -->
<testsuite hostname="LP-5CD7465GP0" name="com.cucumber.TestRunner.LoginRunner" tests="1" failures="0" timestamp="10 Jun 2019 13:12:22 GMT" time="57.348" errors="0">
  <testcase name="feature" time="57.348" classname="com.cucumber.TestRunner.LoginRunner"/>
</testsuite> <!-- com.cucumber.TestRunner.LoginRunner -->
