<?xml version="1.0" encoding="UTF-8"?>
<!-- Generated by org.testng.reporters.JUnitReportReporter -->
<testsuite hostname="LP-5CD7465GP0" name="com.cucumber.TestRunner.RegistrationRunner" tests="3" failures="0" timestamp="30 Oct 2019 11:44:01 GMT" time="140.903" errors="0">
  <testcase name="feature" time="40.138" classname="com.cucumber.TestRunner.RegistrationRunner"/>
  <testcase name="feature" time="49.804" classname="com.cucumber.TestRunner.RegistrationRunner"/>
  <testcase name="feature" time="50.961" classname="com.cucumber.TestRunner.RegistrationRunner"/>
</testsuite> <!-- com.cucumber.TestRunner.RegistrationRunner -->
