<?xml version="1.0" encoding="UTF-8"?>
<!-- Generated by org.testng.reporters.JUnitReportReporter -->
<testsuite hostname="LP-5CD7465GP0" name="com.cucumber.TestRunner.RegistrationRunner" tests="1" failures="0" timestamp="14 May 2019 03:59:33 GMT" time="135.379" errors="0">
  <testcase name="feature" time="135.379" classname="com.cucumber.TestRunner.RegistrationRunner"/>
</testsuite> <!-- com.cucumber.TestRunner.RegistrationRunner -->
