<?xml version="1.0" encoding="UTF-8"?>
<!-- Generated by org.testng.reporters.JUnitReportReporter -->
<testsuite hostname="LP-5CD7465GP0" name="com.cucumber.TestRunner.BookTicketRunner" tests="1" failures="0" timestamp="7 Aug 2019 06:02:28 GMT" time="16.543" errors="0">
  <testcase name="feature" time="16.543" classname="com.cucumber.TestRunner.BookTicketRunner"/>
</testsuite> <!-- com.cucumber.TestRunner.BookTicketRunner -->
