<?xml version="1.0" encoding="UTF-8"?>
<!-- Generated by org.testng.reporters.JUnitReportReporter -->
<testsuite hostname="LP-5CD7465GP0" name="com.cucumber.TestRunner.RegistrationRunner" tests="1" failures="0" timestamp="26 Apr 2019 09:58:35 GMT" time="39.177" errors="0">
  <testcase name="feature" time="39.177" classname="com.cucumber.TestRunner.RegistrationRunner"/>
</testsuite> <!-- com.cucumber.TestRunner.RegistrationRunner -->
