<?xml version="1.0" encoding="UTF-8"?>
<!-- Generated by org.testng.reporters.JUnitReportReporter -->
<testsuite hostname="LP-5CD7465GP0" name="com.cucumber.TestRunner.BookTicket" tests="1" failures="0" timestamp="28 Apr 2019 16:19:11 GMT" time="35.290" errors="0">
  <testcase name="feature" time="35.290" classname="com.cucumber.TestRunner.BookTicket"/>
</testsuite> <!-- com.cucumber.TestRunner.BookTicket -->
