<?xml version="1.0" encoding="UTF-8"?>
<!-- Generated by org.testng.reporters.JUnitReportReporter -->
<testsuite hostname="LP-5CD7465GP0" name="com.cucumber.TestRunner.BookTicket" tests="1" failures="0" timestamp="26 Apr 2019 09:58:35 GMT" time="30.042" errors="0">
  <testcase name="feature" time="30.042" classname="com.cucumber.TestRunner.BookTicket"/>
</testsuite> <!-- com.cucumber.TestRunner.BookTicket -->
